<?xml version="1.0" encoding="UTF-8"?>
<!-- Generated by org.testng.reporters.JUnitReportReporter -->
<testsuite hostname="LAPTOP-4H2G7OFF" name="com.jbk.E_P.Tests.HomePageTest" tests="3" failures="0" timestamp="4 Mar 2020 11:25:19 GMT" time="0.005" errors="0">
  <testcase name="TCH2" time="0.001" classname="com.jbk.E_P.Tests.HomePageTest"/>
  <testcase name="TCH4" time="0.002" classname="com.jbk.E_P.Tests.HomePageTest"/>
  <testcase name="TCH1" time="0.002" classname="com.jbk.E_P.Tests.HomePageTest"/>
</testsuite> <!-- com.jbk.E_P.Tests.HomePageTest -->
