<?xml version="1.0" encoding="UTF-8"?>
<!-- Generated by org.testng.reporters.JUnitReportReporter -->
<testsuite hostname="LAPTOP-4H2G7OFF" name="com.jbk.E_P.Tests.LoginPageTest" tests="3" failures="0" timestamp="4 Mar 2020 11:25:19 GMT" time="0.010" errors="0">
  <testcase name="TC4" time="0.001" classname="com.jbk.E_P.Tests.LoginPageTest"/>
  <testcase name="TC1" time="0.008" classname="com.jbk.E_P.Tests.LoginPageTest"/>
  <testcase name="TC2" time="0.001" classname="com.jbk.E_P.Tests.LoginPageTest"/>
</testsuite> <!-- com.jbk.E_P.Tests.LoginPageTest -->
